<?xml version="1.0" encoding="UTF-8"?>
<!-- Generated by org.testng.reporters.JUnitXMLReporter -->
<testsuite hostname="macbookpros-MacBook-Pro.local" ignored="0" name="All Tests Run including Smoke and Regression" tests="13" failures="0" timestamp="02 Nov 2019 01:31:18 GMT" time="0.916" errors="0">
  <testcase name="@BeforeMethod Setup" time="0.035" classname="base.TestBase">
    <failure type="java.lang.IllegalStateException" message="The driver executable does not exist: /Users/angee/EclipseProjects/XOME/lib/chromedriver">
      <![CDATA[java.lang.IllegalStateException: The driver executable does not exist: /Users/angee/EclipseProjects/XOME/lib/chromedriver
at com.google.common.base.Preconditions.checkState(Preconditions.java:585)
at org.openqa.selenium.remote.service.DriverService.checkExecutable(DriverService.java:146)
at org.openqa.selenium.remote.service.DriverService.findExecutable(DriverService.java:141)
at org.openqa.selenium.chrome.ChromeDriverService.access$000(ChromeDriverService.java:35)
at org.openqa.selenium.chrome.ChromeDriverService$Builder.findDefaultExecutable(ChromeDriverService.java:159)
at org.openqa.selenium.remote.service.DriverService$Builder.build(DriverService.java:355)
at org.openqa.selenium.chrome.ChromeDriverService.createDefaultService(ChromeDriverService.java:94)
at org.openqa.selenium.chrome.ChromeDriver.<init>(ChromeDriver.java:123)
at base.TestBase.Setup(TestBase.java:109)
... Removed 28 stack frames]]>
    </failure>
  </testcase> <!-- @BeforeMethod Setup -->
  <testcase name="@BeforeMethod Setup" time="0.001" classname="base.TestBase">
    <failure type="java.lang.IllegalStateException" message="The driver executable does not exist: /Users/angee/EclipseProjects/XOME/lib/chromedriver">
      <![CDATA[java.lang.IllegalStateException: The driver executable does not exist: /Users/angee/EclipseProjects/XOME/lib/chromedriver
at com.google.common.base.Preconditions.checkState(Preconditions.java:585)
at org.openqa.selenium.remote.service.DriverService.checkExecutable(DriverService.java:146)
at org.openqa.selenium.remote.service.DriverService.findExecutable(DriverService.java:141)
at org.openqa.selenium.chrome.ChromeDriverService.access$000(ChromeDriverService.java:35)
at org.openqa.selenium.chrome.ChromeDriverService$Builder.findDefaultExecutable(ChromeDriverService.java:159)
at org.openqa.selenium.remote.service.DriverService$Builder.build(DriverService.java:355)
at org.openqa.selenium.chrome.ChromeDriverService.createDefaultService(ChromeDriverService.java:94)
at org.openqa.selenium.chrome.ChromeDriver.<init>(ChromeDriver.java:123)
at base.TestBase.Setup(TestBase.java:109)
... Removed 28 stack frames]]>
    </failure>
  </testcase> <!-- @BeforeMethod Setup -->
  <testcase name="@BeforeMethod Setup" time="0.002" classname="base.TestBase">
    <failure type="java.lang.IllegalStateException" message="The driver executable does not exist: /Users/angee/EclipseProjects/XOME/lib/chromedriver">
      <![CDATA[java.lang.IllegalStateException: The driver executable does not exist: /Users/angee/EclipseProjects/XOME/lib/chromedriver
at com.google.common.base.Preconditions.checkState(Preconditions.java:585)
at org.openqa.selenium.remote.service.DriverService.checkExecutable(DriverService.java:146)
at org.openqa.selenium.remote.service.DriverService.findExecutable(DriverService.java:141)
at org.openqa.selenium.chrome.ChromeDriverService.access$000(ChromeDriverService.java:35)
at org.openqa.selenium.chrome.ChromeDriverService$Builder.findDefaultExecutable(ChromeDriverService.java:159)
at org.openqa.selenium.remote.service.DriverService$Builder.build(DriverService.java:355)
at org.openqa.selenium.chrome.ChromeDriverService.createDefaultService(ChromeDriverService.java:94)
at org.openqa.selenium.chrome.ChromeDriver.<init>(ChromeDriver.java:123)
at base.TestBase.Setup(TestBase.java:109)
... Removed 28 stack frames]]>
    </failure>
  </testcase> <!-- @BeforeMethod Setup -->
  <testcase name="@BeforeMethod Setup" time="0.003" classname="base.TestBase">
    <failure type="java.lang.IllegalStateException" message="The driver executable does not exist: /Users/angee/EclipseProjects/XOME/lib/chromedriver">
      <![CDATA[java.lang.IllegalStateException: The driver executable does not exist: /Users/angee/EclipseProjects/XOME/lib/chromedriver
at com.google.common.base.Preconditions.checkState(Preconditions.java:585)
at org.openqa.selenium.remote.service.DriverService.checkExecutable(DriverService.java:146)
at org.openqa.selenium.remote.service.DriverService.findExecutable(DriverService.java:141)
at org.openqa.selenium.chrome.ChromeDriverService.access$000(ChromeDriverService.java:35)
at org.openqa.selenium.chrome.ChromeDriverService$Builder.findDefaultExecutable(ChromeDriverService.java:159)
at org.openqa.selenium.remote.service.DriverService$Builder.build(DriverService.java:355)
at org.openqa.selenium.chrome.ChromeDriverService.createDefaultService(ChromeDriverService.java:94)
at org.openqa.selenium.chrome.ChromeDriver.<init>(ChromeDriver.java:123)
at base.TestBase.Setup(TestBase.java:109)
... Removed 28 stack frames]]>
    </failure>
  </testcase> <!-- @BeforeMethod Setup -->
  <testcase name="@BeforeMethod Setup" time="0.002" classname="base.TestBase">
    <failure type="java.lang.IllegalStateException" message="The driver executable does not exist: /Users/angee/EclipseProjects/XOME/lib/chromedriver">
      <![CDATA[java.lang.IllegalStateException: The driver executable does not exist: /Users/angee/EclipseProjects/XOME/lib/chromedriver
at com.google.common.base.Preconditions.checkState(Preconditions.java:585)
at org.openqa.selenium.remote.service.DriverService.checkExecutable(DriverService.java:146)
at org.openqa.selenium.remote.service.DriverService.findExecutable(DriverService.java:141)
at org.openqa.selenium.chrome.ChromeDriverService.access$000(ChromeDriverService.java:35)
at org.openqa.selenium.chrome.ChromeDriverService$Builder.findDefaultExecutable(ChromeDriverService.java:159)
at org.openqa.selenium.remote.service.DriverService$Builder.build(DriverService.java:355)
at org.openqa.selenium.chrome.ChromeDriverService.createDefaultService(ChromeDriverService.java:94)
at org.openqa.selenium.chrome.ChromeDriver.<init>(ChromeDriver.java:123)
at base.TestBase.Setup(TestBase.java:109)
... Removed 28 stack frames]]>
    </failure>
  </testcase> <!-- @BeforeMethod Setup -->
  <testcase name="@BeforeMethod Setup" time="0.002" classname="base.TestBase">
    <failure type="java.lang.IllegalStateException" message="The driver executable does not exist: /Users/angee/EclipseProjects/XOME/lib/chromedriver">
      <![CDATA[java.lang.IllegalStateException: The driver executable does not exist: /Users/angee/EclipseProjects/XOME/lib/chromedriver
at com.google.common.base.Preconditions.checkState(Preconditions.java:585)
at org.openqa.selenium.remote.service.DriverService.checkExecutable(DriverService.java:146)
at org.openqa.selenium.remote.service.DriverService.findExecutable(DriverService.java:141)
at org.openqa.selenium.chrome.ChromeDriverService.access$000(ChromeDriverService.java:35)
at org.openqa.selenium.chrome.ChromeDriverService$Builder.findDefaultExecutable(ChromeDriverService.java:159)
at org.openqa.selenium.remote.service.DriverService$Builder.build(DriverService.java:355)
at org.openqa.selenium.chrome.ChromeDriverService.createDefaultService(ChromeDriverService.java:94)
at org.openqa.selenium.chrome.ChromeDriver.<init>(ChromeDriver.java:123)
at base.TestBase.Setup(TestBase.java:109)
... Removed 28 stack frames]]>
    </failure>
  </testcase> <!-- @BeforeMethod Setup -->
  <testcase name="@BeforeMethod Setup" time="0.003" classname="base.TestBase">
    <failure type="java.lang.IllegalStateException" message="The driver executable does not exist: /Users/angee/EclipseProjects/XOME/lib/chromedriver">
      <![CDATA[java.lang.IllegalStateException: The driver executable does not exist: /Users/angee/EclipseProjects/XOME/lib/chromedriver
at com.google.common.base.Preconditions.checkState(Preconditions.java:585)
at org.openqa.selenium.remote.service.DriverService.checkExecutable(DriverService.java:146)
at org.openqa.selenium.remote.service.DriverService.findExecutable(DriverService.java:141)
at org.openqa.selenium.chrome.ChromeDriverService.access$000(ChromeDriverService.java:35)
at org.openqa.selenium.chrome.ChromeDriverService$Builder.findDefaultExecutable(ChromeDriverService.java:159)
at org.openqa.selenium.remote.service.DriverService$Builder.build(DriverService.java:355)
at org.openqa.selenium.chrome.ChromeDriverService.createDefaultService(ChromeDriverService.java:94)
at org.openqa.selenium.chrome.ChromeDriver.<init>(ChromeDriver.java:123)
at base.TestBase.Setup(TestBase.java:109)
... Removed 28 stack frames]]>
    </failure>
  </testcase> <!-- @BeforeMethod Setup -->
  <testcase name="@BeforeMethod Setup" time="0.002" classname="base.TestBase">
    <failure type="java.lang.IllegalStateException" message="The driver executable does not exist: /Users/angee/EclipseProjects/XOME/lib/chromedriver">
      <![CDATA[java.lang.IllegalStateException: The driver executable does not exist: /Users/angee/EclipseProjects/XOME/lib/chromedriver
at com.google.common.base.Preconditions.checkState(Preconditions.java:585)
at org.openqa.selenium.remote.service.DriverService.checkExecutable(DriverService.java:146)
at org.openqa.selenium.remote.service.DriverService.findExecutable(DriverService.java:141)
at org.openqa.selenium.chrome.ChromeDriverService.access$000(ChromeDriverService.java:35)
at org.openqa.selenium.chrome.ChromeDriverService$Builder.findDefaultExecutable(ChromeDriverService.java:159)
at org.openqa.selenium.remote.service.DriverService$Builder.build(DriverService.java:355)
at org.openqa.selenium.chrome.ChromeDriverService.createDefaultService(ChromeDriverService.java:94)
at org.openqa.selenium.chrome.ChromeDriver.<init>(ChromeDriver.java:123)
at base.TestBase.Setup(TestBase.java:109)
... Removed 28 stack frames]]>
    </failure>
  </testcase> <!-- @BeforeMethod Setup -->
  <testcase name="@BeforeMethod Setup" time="0.003" classname="base.TestBase">
    <failure type="java.lang.IllegalStateException" message="The driver executable does not exist: /Users/angee/EclipseProjects/XOME/lib/chromedriver">
      <![CDATA[java.lang.IllegalStateException: The driver executable does not exist: /Users/angee/EclipseProjects/XOME/lib/chromedriver
at com.google.common.base.Preconditions.checkState(Preconditions.java:585)
at org.openqa.selenium.remote.service.DriverService.checkExecutable(DriverService.java:146)
at org.openqa.selenium.remote.service.DriverService.findExecutable(DriverService.java:141)
at org.openqa.selenium.chrome.ChromeDriverService.access$000(ChromeDriverService.java:35)
at org.openqa.selenium.chrome.ChromeDriverService$Builder.findDefaultExecutable(ChromeDriverService.java:159)
at org.openqa.selenium.remote.service.DriverService$Builder.build(DriverService.java:355)
at org.openqa.selenium.chrome.ChromeDriverService.createDefaultService(ChromeDriverService.java:94)
at org.openqa.selenium.chrome.ChromeDriver.<init>(ChromeDriver.java:123)
at base.TestBase.Setup(TestBase.java:109)
... Removed 28 stack frames]]>
    </failure>
  </testcase> <!-- @BeforeMethod Setup -->
  <testcase name="@BeforeMethod Setup" time="0.001" classname="base.TestBase">
    <failure type="java.lang.IllegalStateException" message="The driver executable does not exist: /Users/angee/EclipseProjects/XOME/lib/chromedriver">
      <![CDATA[java.lang.IllegalStateException: The driver executable does not exist: /Users/angee/EclipseProjects/XOME/lib/chromedriver
at com.google.common.base.Preconditions.checkState(Preconditions.java:585)
at org.openqa.selenium.remote.service.DriverService.checkExecutable(DriverService.java:146)
at org.openqa.selenium.remote.service.DriverService.findExecutable(DriverService.java:141)
at org.openqa.selenium.chrome.ChromeDriverService.access$000(ChromeDriverService.java:35)
at org.openqa.selenium.chrome.ChromeDriverService$Builder.findDefaultExecutable(ChromeDriverService.java:159)
at org.openqa.selenium.remote.service.DriverService$Builder.build(DriverService.java:355)
at org.openqa.selenium.chrome.ChromeDriverService.createDefaultService(ChromeDriverService.java:94)
at org.openqa.selenium.chrome.ChromeDriver.<init>(ChromeDriver.java:123)
at base.TestBase.Setup(TestBase.java:109)
... Removed 28 stack frames]]>
    </failure>
  </testcase> <!-- @BeforeMethod Setup -->
  <testcase name="@BeforeMethod Setup" time="0.002" classname="base.TestBase">
    <failure type="java.lang.IllegalStateException" message="The driver executable does not exist: /Users/angee/EclipseProjects/XOME/lib/chromedriver">
      <![CDATA[java.lang.IllegalStateException: The driver executable does not exist: /Users/angee/EclipseProjects/XOME/lib/chromedriver
at com.google.common.base.Preconditions.checkState(Preconditions.java:585)
at org.openqa.selenium.remote.service.DriverService.checkExecutable(DriverService.java:146)
at org.openqa.selenium.remote.service.DriverService.findExecutable(DriverService.java:141)
at org.openqa.selenium.chrome.ChromeDriverService.access$000(ChromeDriverService.java:35)
at org.openqa.selenium.chrome.ChromeDriverService$Builder.findDefaultExecutable(ChromeDriverService.java:159)
at org.openqa.selenium.remote.service.DriverService$Builder.build(DriverService.java:355)
at org.openqa.selenium.chrome.ChromeDriverService.createDefaultService(ChromeDriverService.java:94)
at org.openqa.selenium.chrome.ChromeDriver.<init>(ChromeDriver.java:123)
at base.TestBase.Setup(TestBase.java:109)
... Removed 28 stack frames]]>
    </failure>
  </testcase> <!-- @BeforeMethod Setup -->
  <testcase name="@BeforeMethod Setup" time="0.001" classname="base.TestBase">
    <failure type="java.lang.IllegalStateException" message="The driver executable does not exist: /Users/angee/EclipseProjects/XOME/lib/chromedriver">
      <![CDATA[java.lang.IllegalStateException: The driver executable does not exist: /Users/angee/EclipseProjects/XOME/lib/chromedriver
at com.google.common.base.Preconditions.checkState(Preconditions.java:585)
at org.openqa.selenium.remote.service.DriverService.checkExecutable(DriverService.java:146)
at org.openqa.selenium.remote.service.DriverService.findExecutable(DriverService.java:141)
at org.openqa.selenium.chrome.ChromeDriverService.access$000(ChromeDriverService.java:35)
at org.openqa.selenium.chrome.ChromeDriverService$Builder.findDefaultExecutable(ChromeDriverService.java:159)
at org.openqa.selenium.remote.service.DriverService$Builder.build(DriverService.java:355)
at org.openqa.selenium.chrome.ChromeDriverService.createDefaultService(ChromeDriverService.java:94)
at org.openqa.selenium.chrome.ChromeDriver.<init>(ChromeDriver.java:123)
at base.TestBase.Setup(TestBase.java:109)
... Removed 28 stack frames]]>
    </failure>
  </testcase> <!-- @BeforeMethod Setup -->
  <testcase name="@BeforeMethod Setup" time="0.001" classname="base.TestBase">
    <failure type="java.lang.IllegalStateException" message="The driver executable does not exist: /Users/angee/EclipseProjects/XOME/lib/chromedriver">
      <![CDATA[java.lang.IllegalStateException: The driver executable does not exist: /Users/angee/EclipseProjects/XOME/lib/chromedriver
at com.google.common.base.Preconditions.checkState(Preconditions.java:585)
at org.openqa.selenium.remote.service.DriverService.checkExecutable(DriverService.java:146)
at org.openqa.selenium.remote.service.DriverService.findExecutable(DriverService.java:141)
at org.openqa.selenium.chrome.ChromeDriverService.access$000(ChromeDriverService.java:35)
at org.openqa.selenium.chrome.ChromeDriverService$Builder.findDefaultExecutable(ChromeDriverService.java:159)
at org.openqa.selenium.remote.service.DriverService$Builder.build(DriverService.java:355)
at org.openqa.selenium.chrome.ChromeDriverService.createDefaultService(ChromeDriverService.java:94)
at org.openqa.selenium.chrome.ChromeDriver.<init>(ChromeDriver.java:123)
at base.TestBase.Setup(TestBase.java:109)
... Removed 28 stack frames]]>
    </failure>
  </testcase> <!-- @BeforeMethod Setup -->
  <testcase name="mFilterBath" time="0.0" classname="mobileTests.MFilterByBedBath">
    <skipped/>
  </testcase> <!-- mFilterBath -->
  <testcase name="mFilterBed" time="0.0" classname="mobileTests.MFilterByBedBath">
    <skipped/>
  </testcase> <!-- mFilterBed -->
  <testcase name="mFilterKeyword" time="0.0" classname="mobileTests.MFilterByKeyword">
    <skipped/>
  </testcase> <!-- mFilterKeyword -->
  <testcase name="mFilterForSale" time="0.0" classname="mobileTests.MFilterByPendingSoldForSaleStatus">
    <skipped/>
  </testcase> <!-- mFilterForSale -->
  <testcase name="mFilterPending" time="0.0" classname="mobileTests.MFilterByPendingSoldForSaleStatus">
    <skipped/>
  </testcase> <!-- mFilterPending -->
  <testcase name="mFilterSold" time="0.0" classname="mobileTests.MFilterByPendingSoldForSaleStatus">
    <skipped/>
  </testcase> <!-- mFilterSold -->
  <testcase name="mFilterCondo" time="0.0" classname="mobileTests.MFilterByPropertyType">
    <skipped/>
  </testcase> <!-- mFilterCondo -->
  <testcase name="mFilterSingleFamily" time="0.0" classname="mobileTests.MFilterByPropertyType">
    <skipped/>
  </testcase> <!-- mFilterSingleFamily -->
  <testcase name="mFilterTownHome" time="0.0" classname="mobileTests.MFilterByPropertyType">
    <skipped/>
  </testcase> <!-- mFilterTownHome -->
  <testcase name="mFilterSqFt" time="0.0" classname="mobileTests.MFilterBySqFt">
    <skipped/>
  </testcase> <!-- mFilterSqFt -->
  <testcase name="mFilterYear" time="0.0" classname="mobileTests.MFilterByYear">
    <skipped/>
  </testcase> <!-- mFilterYear -->
  <testcase name="mobileLoginAndSearch" time="0.0" classname="mobileTests.MLoginandSearch">
    <skipped/>
  </testcase> <!-- mobileLoginAndSearch -->
  <testcase name="mSignUpNewUser" time="0.0" classname="mobileTests.MSignUp_NewUser">
    <skipped/>
  </testcase> <!-- mSignUpNewUser -->
</testsuite> <!-- All Tests Run including Smoke and Regression -->
